[dotenv@17.3.1] injecting env (19) from .env -- tip: ΓÜÖ∩╕Å  suppress all logs with { quiet: true }
Starting Service Layer Verification...
node.exe : (node:18080) Warning: SECURITY WARNING: The SSL modes 'prefer', 'require', and 'verify-ca' are treated as aliases for 'verify-full'.
At line:1 char:1
+ & "C:\Program Files\nodejs/node.exe" "C:\Program Files\nodejs/node_mo ...
+ ~~~~~~~~~~~~~~~~~~~~~~~~~~~~~~~~~~~~~~~~~~~~~~~~~~~~~~~~~~~~~~~~~~~~~
    + CategoryInfo          : NotSpecified: ((node:18080) Wa... 'verify-full'.:String) [], RemoteException
    + FullyQualifiedErrorId : NativeCommandError
 
In the next major version (pg-connection-string v3.0.0 and pg v9.0.0), these modes will adopt standard libpq semantics, which have weaker security guarantees.

To prepare for this change:
- If you want the current behavior, explicitly use 'sslmode=verify-full'
- If you want libpq compatibility now, use 'uselibpqcompat=true&sslmode=require'

See https://www.postgresql.org/docs/current/libpq-ssl.html for libpq SSL mode definitions.
(Use `node --trace-warnings ...` to show where the warning was created)
(node:18080) Warning: Setting the NODE_TLS_REJECT_UNAUTHORIZED environment variable to '0' makes TLS connections and HTTPS requests insecure by disabling 
certificate verification.
Mocks setup complete.
Testing Balanced Journal...
Γ£ö Balanced Journal accepted.
Testing Unbalanced Journal (EXPECTED FAILURE)...
Γ£ö Unbalanced Journal rejected as expected. Error: Journal Entry is not balanced. Total Debit: 100, Total Credit: 50
Testing FIFO Inventory...
Verification failed: PrismaClientValidationError: 
Invalid `db.inventory.findUnique()` invocation in
C:\Users\MAYANK\OneDrive\Desktop\bmv_new\server\src\services\inventoryService.ts:151:40

  148 });
  149 
  150 // 2. Fetch current inventory for log
ΓåÆ 151 const inv = await db.inventory.findUnique({
        where: {
          productId_locationId_variantId: {
            productId: "e221ac90-e503-499d-9fca-75b95fa2dad9",
            locationId: "TEST_LOC_1",
      +     variantId: String
          }
        }
      })

Argument `variantId` must not be null.
    at throwValidationException 
(C:\Users\MAYANK\OneDrive\Desktop\bmv_new\server\node_modules\@prisma\client\src\runtime\core\errorRendering\throwValidationException.ts:46:9)
    at zr.handleRequestError (C:\Users\MAYANK\OneDrive\Desktop\bmv_new\server\node_modules\@prisma\client\src\runtime\RequestHandler.ts:202:7)
    at zr.handleAndLogRequestError (C:\Users\MAYANK\OneDrive\Desktop\bmv_new\server\node_modules\@prisma\client\src\runtime\RequestHandler.ts:174:12)
    at zr.request (C:\Users\MAYANK\OneDrive\Desktop\bmv_new\server\node_modules\@prisma\client\src\runtime\RequestHandler.ts:143:12)
    at processTicksAndRejections (node:internal/process/task_queues:105:5)
    at async a (C:\Users\MAYANK\OneDrive\Desktop\bmv_new\server\node_modules\@prisma\client\src\runtime\getPrismaClient.ts:807:24) {
  clientVersion: '7.4.0'
}
